<?xml version="1.0" encoding="UTF-8"?>
<testng-results skipped="0" failed="0" total="2" passed="2">
  <reporter-output>
  </reporter-output>
  <suite name="Suite" duration-ms="49563" started-at="2019-10-21T04:28:16Z" finished-at="2019-10-21T04:29:05Z">
    <groups>
    </groups>
    <test name="Test" duration-ms="49563" started-at="2019-10-21T04:28:16Z" finished-at="2019-10-21T04:29:05Z">
      <class name="com.tm.TestCases.TestCases_Leave">
        <test-method status="PASS" signature="setupReport()[pri:0, instance:com.tm.TestCases.TestCases_Leave@4f933fd1]" name="setupReport" is-config="true" duration-ms="218" started-at="2019-10-21T09:58:16Z" finished-at="2019-10-21T09:58:16Z">
          <reporter-output>
          </reporter-output>
        </test-method> <!-- setupReport -->
        <test-method status="PASS" signature="launchBrowser(java.lang.reflect.Method)[pri:0, instance:com.tm.TestCases.TestCases_Leave@4f933fd1]" name="launchBrowser" is-config="true" duration-ms="5106" started-at="2019-10-21T09:58:16Z" finished-at="2019-10-21T09:58:21Z">
          <params>
            <param index="0">
              <value>
                <![CDATA[public void com.tm.TestCases.TestCases_Leave.TC102_ApplyLeave()]]>
              </value>
            </param>
          </params>
          <reporter-output>
          </reporter-output>
        </test-method> <!-- launchBrowser -->
        <test-method status="PASS" signature="TC102_ApplyLeave()[pri:0, instance:com.tm.TestCases.TestCases_Leave@4f933fd1]" name="TC102_ApplyLeave" duration-ms="35101" started-at="2019-10-21T09:58:21Z" finished-at="2019-10-21T09:58:56Z">
          <reporter-output>
          </reporter-output>
        </test-method> <!-- TC102_ApplyLeave -->
        <test-method status="PASS" signature="closeBrowser()[pri:0, instance:com.tm.TestCases.TestCases_Leave@4f933fd1]" name="closeBrowser" is-config="true" duration-ms="16" started-at="2019-10-21T09:58:56Z" finished-at="2019-10-21T09:58:56Z">
          <reporter-output>
          </reporter-output>
        </test-method> <!-- closeBrowser -->
        <test-method status="PASS" signature="launchBrowser(java.lang.reflect.Method)[pri:0, instance:com.tm.TestCases.TestCases_Leave@4f933fd1]" name="launchBrowser" is-config="true" duration-ms="5260" started-at="2019-10-21T09:58:56Z" finished-at="2019-10-21T09:59:01Z">
          <params>
            <param index="0">
              <value>
                <![CDATA[public void com.tm.TestCases.TestCases_Leave.TC101_verifyLoginFunctionality()]]>
              </value>
            </param>
          </params>
          <reporter-output>
          </reporter-output>
        </test-method> <!-- launchBrowser -->
        <test-method status="PASS" signature="TC101_verifyLoginFunctionality()[pri:0, instance:com.tm.TestCases.TestCases_Leave@4f933fd1]" name="TC101_verifyLoginFunctionality" duration-ms="4048" started-at="2019-10-21T09:59:01Z" finished-at="2019-10-21T09:59:05Z">
          <reporter-output>
          </reporter-output>
        </test-method> <!-- TC101_verifyLoginFunctionality -->
        <test-method status="PASS" signature="closeBrowser()[pri:0, instance:com.tm.TestCases.TestCases_Leave@4f933fd1]" name="closeBrowser" is-config="true" duration-ms="16" started-at="2019-10-21T09:59:05Z" finished-at="2019-10-21T09:59:05Z">
          <reporter-output>
          </reporter-output>
        </test-method> <!-- closeBrowser -->
        <test-method status="PASS" signature="toEnd()[pri:0, instance:com.tm.TestCases.TestCases_Leave@4f933fd1]" name="toEnd" is-config="true" duration-ms="11357" started-at="2019-10-21T09:59:05Z" finished-at="2019-10-21T09:59:17Z">
          <reporter-output>
          </reporter-output>
        </test-method> <!-- toEnd -->
      </class> <!-- com.tm.TestCases.TestCases_Leave -->
    </test> <!-- Test -->
  </suite> <!-- Suite -->
</testng-results>
